# JRE version: Java(TM) SE Runtime Environment (8.0_152-b16) (build 1.8.0_152-b16)
# Java VM: Java HotSpot(TM) 64-Bit Server VM (25.152-b16 mixed mode bsd-amd64 compressed oops)
Heap:
 PSYoungGen      total 262144K, used 150278K [0x00000007aab00000, 0x00000007bfe80000, 0x00000007c0000000)
  eden space 251392K, 57% used [0x00000007aab00000,0x00000007b37f51e8,0x00000007ba080000)
  from space 10752K, 55% used [0x00000007ba080000,0x00000007ba64c7d0,0x00000007bab00000)
  to   space 10240K, 0% used [0x00000007bf480000,0x00000007bf480000,0x00000007bfe80000)
 ParOldGen       total 162304K, used 10661K [0x0000000780000000, 0x0000000789e80000, 0x00000007aab00000)
  object space 162304K, 6% used [0x0000000780000000,0x0000000780a69670,0x0000000789e80000)
 Metaspace       used 31960K, capacity 42421K, committed 42624K, reserved 1081344K
  class space    used 7550K, capacity 10760K, committed 10880K, reserved 1048576K
GC Heap History (10 events):
Event: 2.933 GC heap before
{Heap before GC invocations=5 (full 1):
 PSYoungGen      total 141824K, used 131072K [0x00000007aab00000, 0x00000007bc000000, 0x00000007c0000000)
  eden space 131072K, 100% used [0x00000007aab00000,0x00000007b2b00000,0x00000007b2b00000)
  from space 10752K, 0% used [0x00000007b2b00000,0x00000007b2b00000,0x00000007b3580000)
  to   space 10752K, 0% used [0x00000007bb580000,0x00000007bb580000,0x00000007bc000000)
 ParOldGen       total 110592K, used 7022K [0x0000000780000000, 0x0000000786c00000, 0x00000007aab00000)
  object space 110592K, 6% used [0x0000000780000000,0x00000007806db868,0x0000000786c00000)
 Metaspace       used 21226K, capacity 25281K, committed 25472K, reserved 1069056K
  class space    used 4831K, capacity 6165K, committed 6272K, reserved 1048576K
Event: 2.937 GC heap after
Heap after GC invocations=5 (full 1):
 PSYoungGen      total 183296K, used 1241K [0x00000007aab00000, 0x00000007bb700000, 0x00000007c0000000)
  eden space 181760K, 0% used [0x00000007aab00000,0x00000007aab00000,0x00000007b5c80000)
  from space 1536K, 80% used [0x00000007bb580000,0x00000007bb6b66e0,0x00000007bb700000)
  to   space 10752K, 0% used [0x00000007ba200000,0x00000007ba200000,0x00000007bac80000)
 ParOldGen       total 110592K, used 7030K [0x0000000780000000, 0x0000000786c00000, 0x00000007aab00000)
  object space 110592K, 6% used [0x0000000780000000,0x00000007806dd868,0x0000000786c00000)
 Metaspace       used 21226K, capacity 25281K, committed 25472K, reserved 1069056K
  class space    used 4831K, capacity 6165K, committed 6272K, reserved 1048576K
}
Event: 3.927 GC heap before
{Heap before GC invocations=6 (full 1):
 PSYoungGen      total 183296K, used 183001K [0x00000007aab00000, 0x00000007bb700000, 0x00000007c0000000)
  eden space 181760K, 100% used [0x00000007aab00000,0x00000007b5c80000,0x00000007b5c80000)
  from space 1536K, 80% used [0x00000007bb580000,0x00000007bb6b66e0,0x00000007bb700000)
  to   space 10752K, 0% used [0x00000007ba200000,0x00000007ba200000,0x00000007bac80000)
 ParOldGen       total 110592K, used 7030K [0x0000000780000000, 0x0000000786c00000, 0x00000007aab00000)
  object space 110592K, 6% used [0x0000000780000000,0x00000007806dd868,0x0000000786c00000)
 Metaspace       used 27431K, capacity 34983K, committed 35072K, reserved 1075200K
  class space    used 6446K, capacity 8907K, committed 8960K, reserved 1048576K
Event: 3.934 GC heap after
Heap after GC invocations=6 (full 1):
 PSYoungGen      total 255488K, used 6161K [0x00000007aab00000, 0x00000007bb600000, 0x00000007c0000000)
  eden space 248832K, 0% used [0x00000007aab00000,0x00000007aab00000,0x00000007b9e00000)
  from space 6656K, 92% used [0x00000007ba200000,0x00000007ba8045a0,0x00000007ba880000)
  to   space 11264K, 0% used [0x00000007bab00000,0x00000007bab00000,0x00000007bb600000)
 ParOldGen       total 110592K, used 7038K [0x0000000780000000, 0x0000000786c00000, 0x00000007aab00000)
  object space 110592K, 6% used [0x0000000780000000,0x00000007806df868,0x0000000786c00000)
 Metaspace       used 27431K, capacity 34983K, committed 35072K, reserved 1075200K
  class space    used 6446K, capacity 8907K, committed 8960K, reserved 1048576K
}
Event: 3.994 GC heap before
{Heap before GC invocations=7 (full 1):
 PSYoungGen      total 255488K, used 20788K [0x00000007aab00000, 0x00000007bb600000, 0x00000007c0000000)
  eden space 248832K, 5% used [0x00000007aab00000,0x00000007ab948c10,0x00000007b9e00000)
  from space 6656K, 92% used [0x00000007ba200000,0x00000007ba8045a0,0x00000007ba880000)
  to   space 11264K, 0% used [0x00000007bab00000,0x00000007bab00000,0x00000007bb600000)
 ParOldGen       total 110592K, used 7038K [0x0000000780000000, 0x0000000786c00000, 0x00000007aab00000)
  object space 110592K, 6% used [0x0000000780000000,0x00000007806df868,0x0000000786c00000)
 Metaspace       used 27720K, capacity 35439K, committed 35496K, reserved 1075200K
  class space    used 6529K, capacity 9031K, committed 9088K, reserved 1048576K
Event: 3.999 GC heap after
Heap after GC invocations=7 (full 1):
 PSYoungGen      total 262656K, used 4288K [0x00000007aab00000, 0x00000007c0000000, 0x00000007c0000000)
  eden space 251392K, 0% used [0x00000007aab00000,0x00000007aab00000,0x00000007ba080000)
  from space 11264K, 38% used [0x00000007bab00000,0x00000007baf30000,0x00000007bb600000)
  to   space 10752K, 0% used [0x00000007ba080000,0x00000007ba080000,0x00000007bab00000)
 ParOldGen       total 110592K, used 7046K [0x0000000780000000, 0x0000000786c00000, 0x00000007aab00000)
  object space 110592K, 6% used [0x0000000780000000,0x00000007806e1868,0x0000000786c00000)
 Metaspace       used 27720K, capacity 35439K, committed 35496K, reserved 1075200K
  class space    used 6529K, capacity 9031K, committed 9088K, reserved 1048576K
}
Event: 3.999 GC heap before
{Heap before GC invocations=8 (full 2):
 PSYoungGen      total 262656K, used 4288K [0x00000007aab00000, 0x00000007c0000000, 0x00000007c0000000)
  eden space 251392K, 0% used [0x00000007aab00000,0x00000007aab00000,0x00000007ba080000)
  from space 11264K, 38% used [0x00000007bab00000,0x00000007baf30000,0x00000007bb600000)
  to   space 10752K, 0% used [0x00000007ba080000,0x00000007ba080000,0x00000007bab00000)
 ParOldGen       total 110592K, used 7046K [0x0000000780000000, 0x0000000786c00000, 0x00000007aab00000)
  object space 110592K, 6% used [0x0000000780000000,0x00000007806e1868,0x0000000786c00000)
 Metaspace       used 27720K, capacity 35439K, committed 35496K, reserved 1075200K
  class space    used 6529K, capacity 9031K, committed 9088K, reserved 1048576K
Event: 4.051 GC heap after
Heap after GC invocations=8 (full 2):
 PSYoungGen      total 262656K, used 0K [0x00000007aab00000, 0x00000007c0000000, 0x00000007c0000000)
  eden space 251392K, 0% used [0x00000007aab00000,0x00000007aab00000,0x00000007ba080000)
  from space 11264K, 0% used [0x00000007bab00000,0x00000007bab00000,0x00000007bb600000)
  to   space 10752K, 0% used [0x00000007ba080000,0x00000007ba080000,0x00000007bab00000)
 ParOldGen       total 162304K, used 10653K [0x0000000780000000, 0x0000000789e80000, 0x00000007aab00000)
  object space 162304K, 6% used [0x0000000780000000,0x0000000780a67670,0x0000000789e80000)
 Metaspace       used 27720K, capacity 35439K, committed 35496K, reserved 1075200K
  class space    used 6529K, capacity 9031K, committed 9088K, reserved 1048576K
}
Event: 5.106 GC heap before
{Heap before GC invocations=9 (full 2):
 PSYoungGen      total 262656K, used 251392K [0x00000007aab00000, 0x00000007c0000000, 0x00000007c0000000)
  eden space 251392K, 100% used [0x00000007aab00000,0x00000007ba080000,0x00000007ba080000)
  from space 11264K, 0% used [0x00000007bab00000,0x00000007bab00000,0x00000007bb600000)
  to   space 10752K, 0% used [0x00000007ba080000,0x00000007ba080000,0x00000007bab00000)
 ParOldGen       total 162304K, used 10653K [0x0000000780000000, 0x0000000789e80000, 0x00000007aab00000)
  object space 162304K, 6% used [0x0000000780000000,0x0000000780a67670,0x0000000789e80000)
 Metaspace       used 31464K, capacity 41891K, committed 41984K, reserved 1081344K
  class space    used 7524K, capacity 10727K, committed 10752K, reserved 1048576K
Event: 5.110 GC heap after
Heap after GC invocations=9 (full 2):
 PSYoungGen      total 262144K, used 5937K [0x00000007aab00000, 0x00000007bfe80000, 0x00000007c0000000)
  eden space 251392K, 0% used [0x00000007aab00000,0x00000007aab00000,0x00000007ba080000)
  from space 10752K, 55% used [0x00000007ba080000,0x00000007ba64c7d0,0x00000007bab00000)
  to   space 10240K, 0% used [0x00000007bf480000,0x00000007bf480000,0x00000007bfe80000)
 ParOldGen       total 162304K, used 10661K [0x0000000780000000, 0x0000000789e80000, 0x00000007aab00000)
  object space 162304K, 6% used [0x0000000780000000,0x0000000780a69670,0x0000000789e80000)
 Metaspace       used 31464K, capacity 41891K, committed 41984K, reserved 1081344K
  class space    used 7524K, capacity 10727K, committed 10752K, reserved 1048576K
}

